build/app/outputs/mapping/release/seeds.txt
com.example.notiapp.MainActivity
com.example.notiapp.MainActivity: MainActivity()
...
androidx.window.embedding.SplitController: androidx.window.embedding.SplitController$Companion Companion
androidx.window.layout.SidecarWindowBackend: java.util.concurrent.CopyOnWriteArrayList windowLayoutChangeCallbacks
androidx.window.layout.SidecarCompat: androidx.window.layout.SidecarCompat$Companion Companion
androidx.window.embedding.EmbeddingCompat: androidx.window.extensions.embedding.ActivityEmbeddingComponent embeddingExtension
io.flutter.embedding.engine.renderer.FlutterRenderer$ImageReaderSurfaceProducer: java.util.HashMap perImageReaders
androidx.window.layout.FoldingFeature$State: androidx.window.layout.FoldingFeature$State$Companion Companion
androidx.window.layout.WindowInfoTracker$Companion: boolean DEBUG
androidx.window.layout.SidecarCompat$DistinctElementCallback: androidx.window.layout.ExtensionInterfaceCompat$ExtensionCallbackInterface callbackInterface
androidx.window.embedding.ActivityStack: boolean isEmpty
androidx.window.layout.WindowInfoTrackerImpl$windowLayoutInfo$1: java.lang.Object L$1
androidx.window.embedding.SplitRule: float splitRatio
androidx.window.embedding.ActivityRule: java.util.Set filters
kotlinx.coroutines.channels.AbstractSendChannel: java.lang.Object onCloseHandler
androidx.window.java.layout.WindowInfoTrackerCallbackAdapter$addListener$1$1$invokeSuspend$$inlined$collect$1: androidx.core.util.Consumer $consumer$inlined
androidx.window.java.layout.WindowInfoTrackerCallbackAdapter: java.util.Map consumerToJobMap
androidx.window.layout.WindowMetricsCalculator$Companion$reset$1: androidx.window.layout.WindowMetricsCalculator$Companion$reset$1 INSTANCE
androidx.window.R$attr: int finishPrimaryWithSecondary
kotlin.jvm.internal.CallableReference: boolean isTopLevel
androidx.window.layout.WindowInfoTracker: androidx.window.layout.WindowInfoTracker$Companion Companion
io.flutter.view.AccessibilityViewEmbedder: java.util.Map embeddedViewToDisplayBounds
androidx.window.R$styleable: int[] SplitPairRule
androidx.window.layout.SidecarCompat: androidx.window.sidecar.SidecarInterface sidecar
androidx.window.core.Bounds: int right
kotlinx.coroutines.internal.LockFreeLinkedListNode: java.lang.Object _removedRef
androidx.window.core.Version: androidx.window.core.Version VERSION_0_1
io.flutter.embedding.engine.renderer.FlutterRenderer$ImageReaderSurfaceProducer: io.flutter.embedding.engine.renderer.FlutterRenderer$ImageReaderSurfaceProducer$PerImageReader lastReaderDequeuedFrom
io.flutter.embedding.engine.renderer.FlutterRenderer$ImageReaderSurfaceProducer: boolean trimOnMemoryPressure
kotlinx.coroutines.scheduling.WorkQueue: int blockingTasksInBuffer
androidx.window.layout.FoldingFeature$Orientation: java.lang.String description
androidx.window.R$attr: int clearTop
androidx.window.layout.SidecarCompat: java.lang.String TAG
androidx.window.layout.HardwareFoldingFeature: androidx.window.layout.HardwareFoldingFeature$Type type
androidx.window.core.Version: int minor
io.flutter.embedding.engine.renderer.FlutterRenderer$ImageTextureRegistryEntry: java.lang.String TAG
androidx.window.layout.WindowInfoTracker$Companion: java.lang.String TAG
androidx.window.embedding.SplitPairFilter: android.content.ComponentName secondaryActivityName
io.flutter.view.AccessibilityViewEmbedder: int nextFlutterId
androidx.window.R$styleable: int SplitPairRule_splitRatio
io.flutter.embedding.engine.renderer.FlutterRenderer$ImageTextureRegistryEntry: long id
androidx.window.layout.SidecarCompat$DistinctElementCallback: java.util.WeakHashMap activityWindowLayoutInfo
kotlin.jvm.internal.CallableReference: java.lang.Object NO_RECEIVER
androidx.window.R$id: int rtl
androidx.window.embedding.ExtensionEmbeddingBackend: java.util.concurrent.CopyOnWriteArraySet splitRules
androidx.lifecycle.Lifecycle$Event: androidx.lifecycle.Lifecycle$Event ON_STOP
io.flutter.embedding.engine.renderer.FlutterRenderer$ImageReaderSurfaceProducer: long lastDequeueTime
androidx.window.layout.WindowMetricsCalculatorCompat: java.lang.String TAG