build/app/outputs/mapping/release/mapping.txt
# compiler: R8
# compiler_version: 3.3.70
# min_api: 21
# common_typos_disable
# {"id":"com.android.tools.r8.mapping","version":"2.0"}
# pg_map_id: ba9590f
# pg_map_hash: SHA-256 ba9590f17124b09f587ed17be996945a37305f7d569ee66ee2e4ad1e98cf430c
...
io.flutter.plugin.common.BasicMessageChannel$IncomingReplyHandler -> v.a$c:
    io.flutter.plugin.common.BasicMessageChannel$Reply callback -> a
    io.flutter.plugin.common.BasicMessageChannel this$0 -> b
    void reply(java.nio.ByteBuffer) -> a
io.flutter.plugin.common.BasicMessageChannel$MessageHandler -> v.a$d:
    void onMessage(java.lang.Object,io.flutter.plugin.common.BasicMessageChannel$Reply) -> a
io.flutter.plugin.common.BasicMessageChannel$Reply -> v.a$e:
    void reply(java.lang.Object) -> a
io.flutter.plugin.common.BinaryMessenger -> v.b:
    void send(java.lang.String,java.nio.ByteBuffer,io.flutter.plugin.common.BinaryMessenger$BinaryReply) -> a
    void setMessageHandler(java.lang.String,io.flutter.plugin.common.BinaryMessenger$BinaryMessageHandler,io.flutter.plugin.common.BinaryMessenger$TaskQueue) -> d
    void setMessageHandler(java.lang.String,io.flutter.plugin.common.BinaryMessenger$BinaryMessageHandler) -> e
io.flutter.plugin.common.BinaryMessenger$BinaryMessageHandler -> v.b$a:
    void onMessage(java.nio.ByteBuffer,io.flutter.plugin.common.BinaryMessenger$BinaryReply) -> a
io.flutter.plugin.common.BinaryMessenger$BinaryReply -> v.b$b:
    void reply(java.nio.ByteBuffer) -> a
io.flutter.plugin.common.BinaryMessenger$TaskQueue -> v.b$c:
io.flutter.plugin.common.FlutterException -> v.c:
    java.lang.Object details -> e
    java.lang.String code -> d
io.flutter.plugin.common.JSONMessageCodec -> v.d:
    io.flutter.plugin.common.JSONMessageCodec INSTANCE -> a
    java.lang.Object decodeMessage(java.nio.ByteBuffer) -> a
    java.nio.ByteBuffer encodeMessage(java.lang.Object) -> b
io.flutter.plugin.common.JSONMethodCodec -> v.e:
    io.flutter.plugin.common.JSONMethodCodec INSTANCE -> a
    java.nio.ByteBuffer encodeSuccessEnvelope(java.lang.Object) -> a
    java.nio.ByteBuffer encodeMethodCall(io.flutter.plugin.common.MethodCall) -> b
    io.flutter.plugin.common.MethodCall decodeMethodCall(java.nio.ByteBuffer) -> c
    java.lang.Object decodeEnvelope(java.nio.ByteBuffer) -> d
    java.nio.ByteBuffer encodeErrorEnvelopeWithStacktrace(java.lang.String,java.lang.String,java.lang.Object,java.lang.String) -> e
    java.nio.ByteBuffer encodeErrorEnvelope(java.lang.String,java.lang.String,java.lang.Object) -> f
    java.lang.Object unwrapNull(java.lang.Object) -> g
io.flutter.plugin.common.JSONUtil -> v.f:
    java.lang.Object wrap(java.lang.Object) -> a
io.flutter.plugin.common.MessageCodec -> v.g:
    java.lang.Object decodeMessage(java.nio.ByteBuffer) -> a
    java.nio.ByteBuffer encodeMessage(java.lang.Object) -> b
io.flutter.plugin.common.MethodCall -> v.h:
    java.lang.Object arguments -> b
    java.lang.String method -> a
    java.lang.Object arguments() -> a
io.flutter.plugin.common.MethodChannel -> v.i:
    io.flutter.plugin.common.MethodCodec codec -> c
    io.flutter.plugin.common.BinaryMessenger$TaskQueue taskQueue -> d
    io.flutter.plugin.common.BinaryMessenger messenger -> a
    java.lang.String name -> b
    io.flutter.plugin.common.MethodCodec access$000(io.flutter.plugin.common.MethodChannel) -> a
    java.lang.String access$100(io.flutter.plugin.common.MethodChannel) -> b
    void invokeMethod(java.lang.String,java.lang.Object) -> c
    void invokeMethod(java.lang.String,java.lang.Object,io.flutter.plugin.common.MethodChannel$Result) -> d
    void setMethodCallHandler(io.flutter.plugin.common.MethodChannel$MethodCallHandler) -> e
io.flutter.plugin.common.MethodChannel$IncomingMethodCallHandler -> v.i$a:
    io.flutter.plugin.common.MethodChannel$MethodCallHandler handler -> a
    io.flutter.plugin.common.MethodChannel this$0 -> b
    void onMessage(java.nio.ByteBuffer,io.flutter.plugin.common.BinaryMessenger$BinaryReply) -> a