build/app/outputs/mapping/release/usage.txt
com.example.notiapp.BuildConfig
com.example.notiapp.R$attr
com.example.notiapp.R$color
com.example.notiapp.R$dimen
com.example.notiapp.R$drawable
com.example.notiapp.R$id
com.example.notiapp.R$integer
com.example.notiapp.R$layout
com.example.notiapp.R$mipmap
com.example.notiapp.R$string
com.example.notiapp.R$style
com.example.notiapp.R$styleable
com.example.notiapp.R$xml
com.example.notiapp.R
...
androidx.core.app.NotificationCompat$Action$Builder$Api20Impl
androidx.core.app.NotificationCompat$Action$Builder$Api23Impl
androidx.core.app.NotificationCompat$Action$Builder$Api24Impl
androidx.core.app.NotificationCompat$Action$Builder$Api28Impl
androidx.core.app.NotificationCompat$Action$Builder$Api29Impl
androidx.core.app.NotificationCompat$Action$Builder$Api31Impl
androidx.core.app.NotificationCompat$Action$Builder
androidx.core.app.NotificationCompat$Action$Extender
androidx.core.app.NotificationCompat$Action$SemanticAction
androidx.core.app.NotificationCompat$Action$WearableExtender
androidx.core.app.NotificationCompat$Action
androidx.core.app.NotificationCompat$Api20Impl
androidx.core.app.NotificationCompat$Api23Impl
androidx.core.app.NotificationCompat$Api24Impl
androidx.core.app.NotificationCompat$Api26Impl
androidx.core.app.NotificationCompat$Api28Impl
androidx.core.app.NotificationCompat$Api29Impl
androidx.core.app.NotificationCompat$Api31Impl
androidx.core.app.NotificationCompat$BadgeIconType
androidx.core.app.NotificationCompat$BigPictureStyle$Api16Impl
androidx.core.app.NotificationCompat$BigPictureStyle$Api23Impl
androidx.core.app.NotificationCompat$BigPictureStyle$Api31Impl
androidx.core.app.NotificationCompat$BigPictureStyle
androidx.core.app.NotificationCompat$BigTextStyle$Api16Impl
androidx.core.app.NotificationCompat$BigTextStyle
androidx.core.app.NotificationCompat$BubbleMetadata$Api29Impl
androidx.core.app.NotificationCompat$BubbleMetadata$Api30Impl
androidx.core.app.NotificationCompat$BubbleMetadata$Builder
androidx.core.app.NotificationCompat$BubbleMetadata
androidx.core.app.NotificationCompat$Builder$Api21Impl
androidx.core.app.NotificationCompat$Builder$Api23Impl
androidx.core.app.NotificationCompat$Builder$Api24Impl
androidx.core.app.NotificationCompat$Builder
androidx.core.app.NotificationCompat$CallStyle$Api16Impl
androidx.core.app.NotificationCompat$CallStyle$Api20Impl
androidx.core.app.NotificationCompat$CallStyle$Api21Impl
androidx.core.app.NotificationCompat$CallStyle$Api23Impl
androidx.core.app.NotificationCompat$CallStyle$Api24Impl
androidx.core.app.NotificationCompat$CallStyle$Api28Impl
androidx.core.app.NotificationCompat$CallStyle$Api31Impl
androidx.core.app.NotificationCompat$CallStyle$CallType
androidx.core.app.NotificationCompat$CallStyle
androidx.core.app.NotificationCompat$CarExtender$Api20Impl
androidx.core.app.NotificationCompat$CarExtender$Api29Impl
androidx.core.app.NotificationCompat$CarExtender$UnreadConversation$Builder
androidx.core.app.NotificationCompat$CarExtender$UnreadConversation
androidx.core.app.NotificationCompat$CarExtender
androidx.core.app.NotificationCompat$DecoratedCustomViewStyle$Api15Impl
androidx.core.app.NotificationCompat$DecoratedCustomViewStyle$Api16Impl
androidx.core.app.NotificationCompat$DecoratedCustomViewStyle$Api24Impl
androidx.core.app.NotificationCompat$DecoratedCustomViewStyle
androidx.core.app.NotificationCompat$Extender
androidx.core.app.NotificationCompat$GroupAlertBehavior
androidx.core.app.NotificationCompat$InboxStyle$Api16Impl
androidx.core.app.NotificationCompat$InboxStyle
androidx.core.app.NotificationCompat$MessagingStyle$Api16Impl
androidx.core.app.NotificationCompat$MessagingStyle$Api24Impl
androidx.core.app.NotificationCompat$MessagingStyle$Api26Impl
androidx.core.app.NotificationCompat$MessagingStyle$Api28Impl
androidx.core.app.NotificationCompat$MessagingStyle$Message$Api24Impl
androidx.core.app.NotificationCompat$MessagingStyle$Message$Api28Impl
androidx.core.app.NotificationCompat$MessagingStyle$Message
androidx.core.app.NotificationCompat$MessagingStyle
androidx.core.app.NotificationCompat$NotificationVisibility
androidx.core.app.NotificationCompat$ServiceNotificationBehavior
androidx.core.app.NotificationCompat$StreamType
androidx.core.app.NotificationCompat$Style$Api16Impl
androidx.core.app.NotificationCompat$Style$Api24Impl
androidx.core.app.NotificationCompat$Style